<<<<<<< HEAD
CUSTOM: 2025/02/13 06:57:06 main.go:45:  Server is starting...
CUSTOM: 2025/02/13 06:57:07 main.go:101: Server is running on port 3000
CUSTOM: 2025/02/13 07:09:14 main.go:111: Shutting down server gracefully...
CUSTOM: 2025/02/13 07:10:18 main.go:45:  Server is starting...
CUSTOM: 2025/02/13 07:10:19 main.go:101: Server is running on port 3000
CUSTOM: 2025/02/13 07:18:59 main.go:111: Shutting down server gracefully...
CUSTOM: 2025/02/13 07:18:59 main.go:116: Server stopped cleanly
CUSTOM: 2025/02/13 07:19:08 main.go:45:  Server is starting...
CUSTOM: 2025/02/13 07:19:08 main.go:101: Server is running on port 3000
CUSTOM: 2025/02/13 07:27:04 main.go:111: Shutting down server gracefully...
CUSTOM: 2025/02/13 07:27:04 main.go:116: Server stopped cleanly
CUSTOM: 2025/02/13 07:27:16 main.go:45:  Server is starting...
CUSTOM: 2025/02/13 07:27:17 main.go:101: Server is running on port 3000
=======
CUSTOM: 2025/02/13 09:50:35 main.go:45:  Server is starting...
CUSTOM: 2025/02/13 09:50:36 main.go:91: Server is running on port 3000
CUSTOM: 2025/02/13 09:58:41 main.go:101: Shutting down server gracefully...
CUSTOM: 2025/02/13 09:58:41 main.go:106: Server stopped cleanly
CUSTOM: 2025/02/13 09:58:49 main.go:46:  Server is starting...
CUSTOM: 2025/02/13 09:58:49 main.go:94: Server is running on port 3000
CUSTOM: 2025/02/13 18:49:20 main.go:46:  Server is starting...
CUSTOM: 2025/02/13 18:49:21 main.go:94: Server is running on port 3000
CUSTOM: 2025/02/13 18:57:06 main.go:104: Shutting down server gracefully...
CUSTOM: 2025/02/13 18:57:06 main.go:109: Server stopped cleanly
CUSTOM: 2025/02/13 18:57:23 main.go:46:  Server is starting...
CUSTOM: 2025/02/13 18:57:24 main.go:94: Server is running on port 3000
CUSTOM: 2025/02/13 18:58:29 main.go:104: Shutting down server gracefully...
CUSTOM: 2025/02/13 18:58:29 main.go:109: Server stopped cleanly
CUSTOM: 2025/02/13 18:58:34 main.go:46:  Server is starting...
CUSTOM: 2025/02/13 18:58:34 main.go:96: Server is running on port 3000
CUSTOM: 2025/02/13 19:01:30 main.go:106: Shutting down server gracefully...
CUSTOM: 2025/02/13 19:01:30 main.go:111: Server stopped cleanly
CUSTOM: 2025/02/13 19:01:35 main.go:46:  Server is starting...
CUSTOM: 2025/02/13 19:01:35 main.go:96: Server is running on port 3000
CUSTOM: 2025/02/13 19:09:53 main.go:106: Shutting down server gracefully...
CUSTOM: 2025/02/13 19:09:53 main.go:111: Server stopped cleanly
CUSTOM: 2025/02/13 19:19:29 main.go:46:  Server is starting...
CUSTOM: 2025/02/13 19:19:29 main.go:96: Server is running on port 3000
>>>>>>> 985644d (user table null implemented)
