API: 2025/04/28 10:23:26 main.go:26: Server is starting...
API: 2025/04/28 10:23:26 main.go:53: Server is running on port 3000
API: 2025/04/28 10:26:09 main.go:38: METHOD=GET PATH=/getTopRetailerDetails STATUS=200 DURATION=127.496ms
API: 2025/04/28 10:26:33 main.go:38: METHOD=GET PATH=/getProducts STATUS=200 DURATION=31.1871ms
API: 2025/04/28 11:14:48 main.go:64: Shutting down server gracefully...
API: 2025/04/28 11:14:48 main.go:68: Server stopped cleanly
API: 2025/04/28 11:14:59 main.go:26: Server is starting...
API: 2025/04/28 11:14:59 main.go:53: Server is running on port 3000
API: 2025/04/28 11:18:53 main.go:38: METHOD=GET PATH=/getOrderSummary STATUS=200 DURATION=31.6344ms
API: 2025/04/28 11:26:34 main.go:38: METHOD=GET PATH=/getAllOrderDetails/12 STATUS=200 DURATION=53.9269ms
API: 2025/04/28 11:58:16 main.go:64: Shutting down server gracefully...
API: 2025/04/28 11:58:16 main.go:68: Server stopped cleanly
API: 2025/04/28 11:58:26 main.go:26: Server is starting...
API: 2025/04/28 11:58:26 main.go:53: Server is running on port 3000
API: 2025/04/28 11:58:46 main.go:38: METHOD=GET PATH=/getOrderItemDetails STATUS=200 DURATION=32.8799ms
API: 2025/04/28 12:02:36 main.go:64: Shutting down server gracefully...
API: 2025/04/28 12:02:36 main.go:68: Server stopped cleanly
API: 2025/04/28 12:02:45 main.go:26: Server is starting...
API: 2025/04/28 12:02:46 main.go:53: Server is running on port 3000
API: 2025/04/28 12:03:02 main.go:38: METHOD=GET PATH=/getOrderItemDetails STATUS=200 DURATION=15.1193ms
API: 2025/04/28 12:07:26 main.go:64: Shutting down server gracefully...
API: 2025/04/28 12:07:26 main.go:68: Server stopped cleanly
API: 2025/04/28 12:07:38 main.go:26: Server is starting...
API: 2025/04/28 12:07:39 main.go:53: Server is running on port 3000
API: 2025/04/28 12:08:16 main.go:38: METHOD=GET PATH=/getOrderItemDetails STATUS=200 DURATION=15.1076ms
API: 2025/04/28 12:33:17 main.go:64: Shutting down server gracefully...
API: 2025/04/28 12:33:17 main.go:68: Server stopped cleanly
API: 2025/04/28 12:33:31 main.go:26: Server is starting...
API: 2025/04/28 12:33:31 main.go:53: Server is running on port 3000
API: 2025/04/28 12:39:18 main.go:38: METHOD=POST PATH=/getCompletedOrderSummary STATUS=200 DURATION=510.1µs
API: 2025/04/28 13:05:13 main.go:38: METHOD=GET PATH=/getCompletedOrderSummary STATUS=200 DURATION=411.3984ms
