API: 2025/05/02 17:14:36 main.go:42: Server is starting...
API: 2025/05/02 17:14:36 main.go:68: Server is running on port 3000
API: 2025/05/02 17:14:50 main.go:53: METHOD=GET PATH=/getDailyPriceDetails STATUS=500 DURATION=75.0362ms
API: 2025/05/02 17:25:23 main.go:78: Shutting down server gracefully...
API: 2025/05/02 17:25:23 main.go:82: Server stopped cleanly
API: 2025/05/02 17:25:37 main.go:42: Server is starting...
API: 2025/05/02 17:25:37 main.go:68: Server is running on port 3000
API: 2025/05/02 17:27:17 main.go:53: METHOD=GET PATH=/getDailyPriceDetails/4 STATUS=500 DURATION=27.338ms
API: 2025/05/02 18:19:59 main.go:78: Shutting down server gracefully...
API: 2025/05/02 18:19:59 main.go:82: Server stopped cleanly
API: 2025/05/02 18:20:18 main.go:42: Server is starting...
API: 2025/05/02 18:20:18 main.go:68: Server is running on port 3000
API: 2025/05/02 18:20:30 main.go:53: METHOD=GET PATH=/getDailyPriceDetails/4 STATUS=500 DURATION=24.3503ms
API: 2025/05/02 18:26:07 main.go:78: Shutting down server gracefully...
API: 2025/05/02 18:26:07 main.go:82: Server stopped cleanly
API: 2025/05/02 18:26:20 main.go:42: Server is starting...
API: 2025/05/02 18:26:21 main.go:68: Server is running on port 3000
API: 2025/05/02 18:26:39 main.go:53: METHOD=GET PATH=/getDailyPriceDetails/4 STATUS=500 DURATION=49.4962ms
API: 2025/05/02 18:58:30 main.go:78: Shutting down server gracefully...
API: 2025/05/02 18:58:30 main.go:82: Server stopped cleanly
API: 2025/05/02 18:58:51 main.go:42: Server is starting...
API: 2025/05/02 18:58:52 main.go:68: Server is running on port 3000
API: 2025/05/02 19:19:30 main.go:53: METHOD=GET PATH=/getDailyPriceDetails/4 STATUS=500 DURATION=35.4152ms
API: 2025/05/02 19:19:36 main.go:78: Shutting down server gracefully...
API: 2025/05/02 19:19:36 main.go:82: Server stopped cleanly
API: 2025/05/02 19:19:46 main.go:42: Server is starting...
API: 2025/05/02 19:19:46 main.go:68: Server is running on port 3000
API: 2025/05/02 19:19:59 main.go:53: METHOD=GET PATH=/getDailyPriceDetails/4 STATUS=500 DURATION=38.8803ms
API: 2025/05/02 19:25:51 main.go:78: Shutting down server gracefully...
API: 2025/05/02 19:25:51 main.go:82: Server stopped cleanly
API: 2025/05/02 19:26:16 main.go:42: Server is starting...
API: 2025/05/02 19:26:16 main.go:68: Server is running on port 3000
API: 2025/05/02 19:27:48 main.go:53: METHOD=GET PATH=/getDailyPriceDetails STATUS=200 DURATION=23.7685ms
API: 2025/05/02 19:33:39 main.go:53: METHOD=GET PATH=/getTopRetailerDetails STATUS=500 DURATION=20.6032ms
API: 2025/05/02 19:44:08 main.go:78: Shutting down server gracefully...
API: 2025/05/02 19:44:08 main.go:82: Server stopped cleanly
API: 2025/05/02 19:44:36 main.go:42: Server is starting...
API: 2025/05/02 19:44:36 main.go:68: Server is running on port 3000
API: 2025/05/02 19:54:41 main.go:78: Shutting down server gracefully...
API: 2025/05/02 19:54:41 main.go:82: Server stopped cleanly
API: 2025/05/02 19:54:48 main.go:42: Server is starting...
API: 2025/05/02 19:54:49 main.go:68: Server is running on port 3000
API: 2025/05/02 19:55:52 main.go:53: METHOD=GET PATH=/getTopRetailerDetails STATUS=200 DURATION=18.8372ms
API: 2025/05/02 20:13:16 main.go:53: METHOD=GET PATH=index.html STATUS=200 DURATION=3.4238ms
API: 2025/05/02 20:13:16 main.go:53: METHOD=GET PATH=swagger-ui.css STATUS=200 DURATION=0s
API: 2025/05/02 20:13:16 main.go:53: METHOD=GET PATH=swagger-ui-bundle.js STATUS=200 DURATION=433.6µs
API: 2025/05/02 20:13:16 main.go:53: METHOD=GET PATH=swagger-ui-standalone-preset.js STATUS=200 DURATION=0s
API: 2025/05/02 20:13:17 main.go:53: METHOD=GET PATH=doc.json STATUS=200 DURATION=998.8µs
API: 2025/05/02 22:48:57 main.go:78: Shutting down server gracefully...
API: 2025/05/02 22:48:57 main.go:82: Server stopped cleanly
