<<<<<<< HEAD
CUSTOM: 2025/02/11 09:59:49 main.go:45:  Server is starting...
CUSTOM: 2025/02/11 09:59:50 main.go:94: Server is running on port 3000
CUSTOM: 2025/02/11 10:03:54 main.go:104: Shutting down server gracefully...
CUSTOM: 2025/02/11 10:03:54 main.go:109: Server stopped cleanly
CUSTOM: 2025/02/11 10:04:11 main.go:45:  Server is starting...
CUSTOM: 2025/02/11 10:04:11 main.go:94: Server is running on port 3000
CUSTOM: 2025/02/11 10:07:53 main.go:104: Shutting down server gracefully...
CUSTOM: 2025/02/11 10:07:53 main.go:109: Server stopped cleanly
CUSTOM: 2025/02/11 10:08:33 main.go:45:  Server is starting...
CUSTOM: 2025/02/11 10:08:34 main.go:95: Server is running on port 3000
CUSTOM: 2025/02/11 10:12:08 main.go:105: Shutting down server gracefully...
CUSTOM: 2025/02/11 10:12:08 main.go:110: Server stopped cleanly
CUSTOM: 2025/02/11 10:12:48 main.go:45:  Server is starting...
CUSTOM: 2025/02/11 10:12:49 main.go:96: Server is running on port 3000
CUSTOM: 2025/02/11 10:15:49 main.go:106: Shutting down server gracefully...
CUSTOM: 2025/02/11 10:15:49 main.go:111: Server stopped cleanly
CUSTOM: 2025/02/11 10:15:58 main.go:45:  Server is starting...
CUSTOM: 2025/02/11 10:15:58 main.go:96: Server is running on port 3000
CUSTOM: 2025/02/11 10:22:30 main.go:106: Shutting down server gracefully...
CUSTOM: 2025/02/11 10:22:30 main.go:111: Server stopped cleanly
CUSTOM: 2025/02/11 10:22:40 main.go:45:  Server is starting...
CUSTOM: 2025/02/11 10:22:40 main.go:98: Server is running on port 3000
CUSTOM: 2025/02/11 10:24:48 main.go:108: Shutting down server gracefully...
CUSTOM: 2025/02/11 10:24:48 main.go:113: Server stopped cleanly
CUSTOM: 2025/02/11 10:25:01 main.go:45:  Server is starting...
CUSTOM: 2025/02/11 10:25:01 main.go:100: Server is running on port 3000
CUSTOM: 2025/02/11 10:27:58 main.go:110: Shutting down server gracefully...
CUSTOM: 2025/02/11 10:27:58 main.go:115: Server stopped cleanly
CUSTOM: 2025/02/11 10:28:11 main.go:45:  Server is starting...
CUSTOM: 2025/02/11 10:28:12 main.go:101: Server is running on port 3000
CUSTOM: 2025/02/11 10:32:43 main.go:111: Shutting down server gracefully...
CUSTOM: 2025/02/11 10:32:43 main.go:116: Server stopped cleanly
CUSTOM: 2025/02/11 10:32:59 main.go:45:  Server is starting...
CUSTOM: 2025/02/11 10:33:00 main.go:102: Server is running on port 3000
CUSTOM: 2025/02/11 10:37:58 main.go:112: Shutting down server gracefully...
CUSTOM: 2025/02/11 10:37:58 main.go:117: Server stopped cleanly
CUSTOM: 2025/02/11 10:38:16 main.go:45:  Server is starting...
CUSTOM: 2025/02/11 10:38:17 main.go:99: Server is running on port 3000
CUSTOM: 2025/02/12 20:53:24 main.go:109: Shutting down server gracefully...
CUSTOM: 2025/02/12 20:53:25 main.go:114: Server stopped cleanly
=======
CUSTOM: 2025/02/11 02:30:49 main.go:45:  Server is starting...
CUSTOM: 2025/02/11 02:34:11 main.go:45:  Server is starting...
CUSTOM: 2025/02/11 02:37:19 main.go:45:  Server is starting...
CUSTOM: 2025/02/11 02:38:25 main.go:45:  Server is starting...
CUSTOM: 2025/02/11 02:39:25 main.go:45:  Server is starting...
CUSTOM: 2025/02/11 02:39:58 main.go:45:  Server is starting...
CUSTOM: 2025/02/11 02:40:57 main.go:45:  Server is starting...
CUSTOM: 2025/02/11 02:41:33 main.go:45:  Server is starting...
CUSTOM: 2025/02/11 02:41:33 main.go:91: Server is running on port 3000
CUSTOM: 2025/02/11 02:59:58 main.go:101: Shutting down server gracefully...
CUSTOM: 2025/02/11 02:59:58 main.go:106: Server stopped cleanly
CUSTOM: 2025/02/11 03:01:18 main.go:45:  Server is starting...
CUSTOM: 2025/02/11 03:01:18 main.go:91: Server is running on port 3000
CUSTOM: 2025/02/11 17:42:08 main.go:45:  Server is starting...
CUSTOM: 2025/02/11 17:42:09 main.go:91: Server is running on port 3000
CUSTOM: 2025/02/11 18:01:13 main.go:101: Shutting down server gracefully...
CUSTOM: 2025/02/11 18:01:13 main.go:106: Server stopped cleanly
>>>>>>> 985644d (user table null implemented)
