API: 2025/05/01 09:04:25 main.go:42: Server is starting...
API: 2025/05/01 09:04:26 main.go:68: Server is running on port 3000
API: 2025/05/01 09:07:10 main.go:53: METHOD=GET PATH=index.html STATUS=200 DURATION=5.2166ms
API: 2025/05/01 09:07:10 main.go:53: METHOD=GET PATH=swagger-ui.css STATUS=200 DURATION=0s
API: 2025/05/01 09:07:10 main.go:53: METHOD=GET PATH=swagger-ui-bundle.js STATUS=200 DURATION=0s
API: 2025/05/01 09:07:10 main.go:53: METHOD=GET PATH=swagger-ui-standalone-preset.js STATUS=200 DURATION=0s
API: 2025/05/01 09:07:10 main.go:53: METHOD=GET PATH=doc.json STATUS=200 DURATION=1.5854ms
API: 2025/05/01 09:07:44 main.go:53: METHOD=GET PATH=/getReStockProductsHandler STATUS=500 DURATION=25.0159ms
API: 2025/05/01 09:08:13 main.go:78: Shutting down server gracefully...
API: 2025/05/01 09:08:33 main.go:42: Server is starting...
API: 2025/05/01 09:08:34 main.go:68: Server is running on port 3000
API: 2025/05/01 09:13:12 main.go:53: METHOD=GET PATH=/getReStockProductsHandler STATUS=200 DURATION=46.8401ms
API: 2025/05/01 10:07:50 main.go:53: METHOD=GET PATH=/getAllBulkOrderDetails STATUS=200 DURATION=233.7513ms
API: 2025/05/01 10:21:37 main.go:78: Shutting down server gracefully...
API: 2025/05/01 10:21:37 main.go:82: Server stopped cleanly
API: 2025/05/01 10:22:14 main.go:42: Server is starting...
API: 2025/05/01 10:22:14 main.go:68: Server is running on port 3000
API: 2025/05/01 10:25:18 main.go:53: METHOD=GET PATH=/getAllBulkOrderDetails STATUS=500 DURATION=8.0867ms
API: 2025/05/01 10:48:55 main.go:78: Shutting down server gracefully...
API: 2025/05/01 10:48:55 main.go:82: Server stopped cleanly
API: 2025/05/01 10:49:32 main.go:42: Server is starting...
API: 2025/05/01 10:49:32 main.go:68: Server is running on port 3000
API: 2025/05/01 10:50:32 main.go:53: METHOD=GET PATH=/getAllBulkOrderDetails STATUS=500 DURATION=58.9993ms
API: 2025/05/01 10:51:18 main.go:78: Shutting down server gracefully...
API: 2025/05/01 10:51:18 main.go:82: Server stopped cleanly
API: 2025/05/01 10:51:30 main.go:42: Server is starting...
API: 2025/05/01 10:51:30 main.go:68: Server is running on port 3000
API: 2025/05/01 10:51:41 main.go:53: METHOD=GET PATH=/getAllBulkOrderDetails STATUS=500 DURATION=8.5326ms
API: 2025/05/01 11:00:25 main.go:78: Shutting down server gracefully...
API: 2025/05/01 11:00:25 main.go:82: Server stopped cleanly
API: 2025/05/01 11:00:51 main.go:42: Server is starting...
API: 2025/05/01 11:00:51 main.go:68: Server is running on port 3000
API: 2025/05/01 11:02:44 main.go:53: METHOD=GET PATH=/getAllBulkOrderDetails STATUS=500 DURATION=5.0561ms
API: 2025/05/01 11:03:51 main.go:78: Shutting down server gracefully...
API: 2025/05/01 11:03:51 main.go:82: Server stopped cleanly
API: 2025/05/01 11:04:17 main.go:42: Server is starting...
API: 2025/05/01 11:04:17 main.go:68: Server is running on port 3000
API: 2025/05/01 11:07:03 main.go:53: METHOD=GET PATH=/getAllBulkOrderDetails STATUS=500 DURATION=40.1821ms
API: 2025/05/01 11:10:26 main.go:78: Shutting down server gracefully...
API: 2025/05/01 11:10:26 main.go:82: Server stopped cleanly
API: 2025/05/01 11:10:33 main.go:42: Server is starting...
API: 2025/05/01 11:10:33 main.go:68: Server is running on port 3000
API: 2025/05/01 11:10:44 main.go:53: METHOD=GET PATH=/getAllBulkOrderDetails STATUS=500 DURATION=14.4948ms
API: 2025/05/01 11:14:04 main.go:78: Shutting down server gracefully...
API: 2025/05/01 11:14:04 main.go:82: Server stopped cleanly
API: 2025/05/01 11:14:20 main.go:42: Server is starting...
API: 2025/05/01 11:14:21 main.go:68: Server is running on port 3000
API: 2025/05/01 11:14:38 main.go:53: METHOD=GET PATH=/getAllBulkOrderDetails STATUS=200 DURATION=18.9006ms
API: 2025/05/01 11:15:09 main.go:78: Shutting down server gracefully...
API: 2025/05/01 11:15:09 main.go:82: Server stopped cleanly
API: 2025/05/01 11:15:56 main.go:42: Server is starting...
API: 2025/05/01 11:15:56 main.go:68: Server is running on port 3000
API: 2025/05/01 12:54:25 main.go:53: METHOD=GET PATH=/getAllBulkOrderDetails STATUS=200 DURATION=254.8046ms
API: 2025/05/01 13:12:32 main.go:78: Shutting down server gracefully...
API: 2025/05/01 13:12:32 main.go:82: Server stopped cleanly
API: 2025/05/01 13:12:54 main.go:42: Server is starting...
API: 2025/05/01 13:12:54 main.go:68: Server is running on port 3000
API: 2025/05/01 13:20:50 main.go:53: METHOD=POST PATH=/InserWholesellerOffers STATUS=200 DURATION=18.4805ms
API: 2025/05/01 13:32:55 main.go:53: METHOD=GET PATH=/getTopRetailerDetails STATUS=200 DURATION=11.8171ms
API: 2025/05/01 13:54:58 main.go:78: Shutting down server gracefully...
API: 2025/05/01 13:54:58 main.go:82: Server stopped cleanly
API: 2025/05/01 13:56:06 main.go:42: Server is starting...
API: 2025/05/01 13:56:06 main.go:68: Server is running on port 3000
API: 2025/05/01 13:56:27 main.go:53: METHOD=GET PATH=/getTopRetailerDetails STATUS=200 DURATION=12.47ms
API: 2025/05/01 13:56:35 main.go:53: METHOD=GET PATH=/getTopRetailerDetails STATUS=200 DURATION=510.4µs
API: 2025/05/01 15:04:53 main.go:78: Shutting down server gracefully...
API: 2025/05/01 15:04:53 main.go:82: Server stopped cleanly
API: 2025/05/01 15:05:25 main.go:42: Server is starting...
API: 2025/05/01 15:05:25 main.go:68: Server is running on port 3000
API: 2025/05/01 15:05:50 main.go:53: METHOD=GET PATH=/getTopRetailerDetails STATUS=200 DURATION=21.2147ms
API: 2025/05/01 15:05:55 main.go:78: Shutting down server gracefully...
API: 2025/05/01 15:05:55 main.go:82: Server stopped cleanly
API: 2025/05/01 15:15:53 main.go:42: Server is starting...
API: 2025/05/01 15:15:53 main.go:68: Server is running on port 3000
API: 2025/05/01 15:16:12 main.go:53: METHOD=GET PATH=index.html STATUS=200 DURATION=2.3869ms
API: 2025/05/01 15:16:12 main.go:53: METHOD=GET PATH=swagger-ui.css STATUS=200 DURATION=0s
API: 2025/05/01 15:16:12 main.go:53: METHOD=GET PATH=swagger-ui-standalone-preset.js STATUS=200 DURATION=0s
API: 2025/05/01 15:16:12 main.go:53: METHOD=GET PATH=swagger-ui-bundle.js STATUS=200 DURATION=0s
API: 2025/05/01 15:16:12 main.go:53: METHOD=GET PATH=doc.json STATUS=200 DURATION=1.9502ms
API: 2025/05/01 15:16:12 main.go:53: METHOD=GET PATH=favicon-32x32.png STATUS=200 DURATION=0s
API: 2025/05/01 22:49:29 main.go:78: Shutting down server gracefully...
API: 2025/05/01 22:49:29 main.go:82: Server stopped cleanly
API: 2025/05/01 22:49:44 main.go:42: Server is starting...
API: 2025/05/01 22:49:45 main.go:68: Server is running on port 3000
API: 2025/05/01 22:51:44 main.go:53: METHOD=POST PATH=/InsertWholesellerOrder STATUS=400 DURATION=9.6336ms
API: 2025/05/01 22:52:08 main.go:53: METHOD=POST PATH=/InsertWholesellerOrder STATUS=200 DURATION=63.6309ms
API: 2025/05/01 23:08:08 main.go:78: Shutting down server gracefully...
API: 2025/05/01 23:08:08 main.go:82: Server stopped cleanly
API: 2025/05/01 23:08:21 main.go:42: Server is starting...
API: 2025/05/01 23:08:21 main.go:68: Server is running on port 3000
API: 2025/05/01 23:09:18 main.go:53: METHOD=POST PATH=/InsertWholesellerOrder STATUS=500 DURATION=18.54ms
API: 2025/05/01 23:12:25 main.go:53: METHOD=POST PATH=/InsertWholesellerOrder STATUS=500 DURATION=21.0569ms
API: 2025/05/01 23:15:18 main.go:53: METHOD=POST PATH=/InsertWholesellerOrder STATUS=500 DURATION=22.8695ms
API: 2025/05/01 23:15:32 main.go:53: METHOD=POST PATH=/InsertWholesellerOrder STATUS=500 DURATION=27.3638ms
API: 2025/05/01 23:15:54 main.go:53: METHOD=POST PATH=/InsertWholesellerOrder STATUS=200 DURATION=20.4092ms
